0 info it worked if it ends with ok
1 verbose cli [ 'c:\\Program Files\\nodejs\\node.exe',
1 verbose cli   'c:\\Program Files\\nodejs\\node_modules\\npm\\bin\\npm-cli.js',
1 verbose cli   'update',
1 verbose cli   '-g',
1 verbose cli   'yo' ]
2 info using npm@1.4.28
3 info using node@v0.10.33
4 verbose request where is /yo
5 verbose request registry https://registry.npmjs.org/
6 verbose request id 54a3b6b393dde3da
7 verbose url raw /yo
8 verbose url resolving [ 'https://registry.npmjs.org/', './yo' ]
9 verbose url resolved https://registry.npmjs.org/yo
10 verbose request where is https://registry.npmjs.org/yo
11 info trying registry request attempt 1 at 16:54:25
12 verbose etag "DCCB8PPACB63A6PKXL18LPDYZ"
13 http GET https://registry.npmjs.org/yo
14 http 200 https://registry.npmjs.org/yo
15 silly registry.get cb [ 200,
15 silly registry.get   { date: 'Wed, 21 Jan 2015 00:54:26 GMT',
15 silly registry.get     server: 'CouchDB/1.5.0 (Erlang OTP/R16B03)',
15 silly registry.get     etag: '"ZDV2LLF63DSBHMCIAG5N2D8H"',
15 silly registry.get     'content-type': 'application/json',
15 silly registry.get     'cache-control': 'max-age=60',
15 silly registry.get     'content-length': '53644',
15 silly registry.get     'accept-ranges': 'bytes',
15 silly registry.get     via: '1.1 varnish',
15 silly registry.get     age: '31',
15 silly registry.get     'x-served-by': 'cache-lax1426-LAX',
15 silly registry.get     'x-cache': 'HIT',
15 silly registry.get     'x-cache-hits': '1',
15 silly registry.get     'x-timer': 'S1421801666.702837,VS0,VE0',
15 silly registry.get     vary: 'Accept',
15 silly registry.get     'keep-alive': 'timeout=10, max=50',
15 silly registry.get     connection: 'Keep-Alive' } ]
16 info outdated updating [ [ 'C:\\Users\\jjohns4\\AppData\\Roaming\\npm',
16 info outdated     'yo',
16 info outdated     '1.3.3',
16 info outdated     '1.4.2',
16 info outdated     '1.4.2',
16 info outdated     'latest' ] ]
17 verbose install where,what [ 'C:\\Users\\jjohns4\\AppData\\Roaming\\npm', [ 'yo@1.4.2' ] ]
18 verbose cache add [ 'yo@1.4.2', null ]
19 verbose cache add name=undefined spec="yo@1.4.2" args=["yo@1.4.2",null]
20 verbose parsed url { protocol: null,
20 verbose parsed url   slashes: null,
20 verbose parsed url   auth: null,
20 verbose parsed url   host: null,
20 verbose parsed url   port: null,
20 verbose parsed url   hostname: null,
20 verbose parsed url   hash: null,
20 verbose parsed url   search: null,
20 verbose parsed url   query: null,
20 verbose parsed url   pathname: 'yo@1.4.2',
20 verbose parsed url   path: 'yo@1.4.2',
20 verbose parsed url   href: 'yo@1.4.2' }
21 verbose cache add name="yo" spec="1.4.2" args=["yo","1.4.2"]
22 verbose parsed url { protocol: null,
22 verbose parsed url   slashes: null,
22 verbose parsed url   auth: null,
22 verbose parsed url   host: null,
22 verbose parsed url   port: null,
22 verbose parsed url   hostname: null,
22 verbose parsed url   hash: null,
22 verbose parsed url   search: null,
22 verbose parsed url   query: null,
22 verbose parsed url   pathname: '1.4.2',
22 verbose parsed url   path: '1.4.2',
22 verbose parsed url   href: '1.4.2' }
23 verbose addNamed [ 'yo', '1.4.2' ]
24 verbose addNamed [ '1.4.2', '1.4.2' ]
25 silly lockFile 111d2724-yo-1-4-2 yo@1.4.2
26 verbose lock yo@1.4.2 C:\Users\jjohns4\AppData\Roaming\npm-cache\111d2724-yo-1-4-2.lock
27 verbose registry.get https://registry.npmjs.org/yo not expired, no request
28 silly lockFile 5d445b73-gistry-npmjs-org-yo-yo-1-4-2-tgz https://registry.npmjs.org/yo/-/yo-1.4.2.tgz
29 verbose lock https://registry.npmjs.org/yo/-/yo-1.4.2.tgz C:\Users\jjohns4\AppData\Roaming\npm-cache\5d445b73-gistry-npmjs-org-yo-yo-1-4-2-tgz.lock
30 verbose addRemoteTarball [ 'https://registry.npmjs.org/yo/-/yo-1.4.2.tgz',
30 verbose addRemoteTarball   '8162f7b0513a0094de38f05b71ad2cef0d68b5c2' ]
31 info retry fetch attempt 1 at 16:54:27
32 verbose fetch to= C:\Users\jjohns4\AppData\Local\Temp\npm-10428-_rhDjtYW\registry.npmjs.org\yo\-\yo-1.4.2.tgz
33 http GET https://registry.npmjs.org/yo/-/yo-1.4.2.tgz
34 http 200 https://registry.npmjs.org/yo/-/yo-1.4.2.tgz
35 silly lockFile 5d445b73-gistry-npmjs-org-yo-yo-1-4-2-tgz https://registry.npmjs.org/yo/-/yo-1.4.2.tgz
36 silly lockFile 5d445b73-gistry-npmjs-org-yo-yo-1-4-2-tgz https://registry.npmjs.org/yo/-/yo-1.4.2.tgz
37 silly lockFile 111d2724-yo-1-4-2 yo@1.4.2
38 silly lockFile 111d2724-yo-1-4-2 yo@1.4.2
39 silly resolved [ { name: 'yo',
39 silly resolved     version: '1.4.2',
39 silly resolved     description: 'CLI tool for running Yeoman generators',
39 silly resolved     license: 'BSD',
39 silly resolved     bin: { yo: 'lib/cli.js' },
39 silly resolved     author: { name: 'Yeoman team' },
39 silly resolved     repository: { type: 'git', url: 'https://github.com/yeoman/yo' },
39 silly resolved     engines: { node: '>=0.10.0', npm: '>=2.1.0' },
39 silly resolved     scripts:
39 silly resolved      { test: 'jshint . && mocha test/**/*.js',
39 silly resolved        postinstall: 'yodoctor',
39 silly resolved        postupdate: 'yodoctor',
39 silly resolved        prepublish: 'nsp audit-package' },
39 silly resolved     files: [ 'lib' ],
39 silly resolved     keywords:
39 silly resolved      [ 'cli-app',
39 silly resolved        'cli',
39 silly resolved        'bin',
39 silly resolved        'front-end',
39 silly resolved        'development',
39 silly resolved        'dev',
39 silly resolved        'build',
39 silly resolved        'web',
39 silly resolved        'tool',
39 silly resolved        'scaffold',
39 silly resolved        'stack',
39 silly resolved        'yeoman',
39 silly resolved        'generator',
39 silly resolved        'generate',
39 silly resolved        'app',
39 silly resolved        'boilerplate' ],
39 silly resolved     dependencies:
39 silly resolved      { 'array-uniq': '^1.0.2',
39 silly resolved        async: '^0.9.0',
39 silly resolved        chalk: '^0.5.1',
39 silly resolved        configstore: '^0.3.1',
39 silly resolved        'cross-spawn': '^0.2.3',
39 silly resolved        'custom-error': '^0.2.0',
39 silly resolved        figures: '^1.3.5',
39 silly resolved        findup: '^0.1.5',
39 silly resolved        fullname: '^1.0.0',
39 silly resolved        inquirer: '^0.8.0',
39 silly resolved        insight: '^0.4.3',
39 silly resolved        lodash: '^2.4.1',
39 silly resolved        meow: '^2.0.0',
39 silly resolved        opn: '^1.0.0',
39 silly resolved        request: '^2.48.0',
39 silly resolved        'root-check': '^1.0.0',
39 silly resolved        shelljs: '^0.3.0',
39 silly resolved        'sort-on': '^1.0.0',
39 silly resolved        'string-length': '^1.0.0',
39 silly resolved        'underscore.string': '^2.3.3',
39 silly resolved        'update-notifier': '^0.2.2',
39 silly resolved        'user-home': '^1.1.0',
39 silly resolved        'yeoman-character': '^1.0.0',
39 silly resolved        'yeoman-doctor': '^1.0.0',
39 silly resolved        'yeoman-environment': '^1.0.1',
39 silly resolved        yosay: '^1.0.0' },
39 silly resolved     devDependencies:
39 silly resolved      { jshint: '^2.5.11',
39 silly resolved        mocha: '^2.1.0',
39 silly resolved        mockery: '^1.4.0',
39 silly resolved        nock: '^0.55.0',
39 silly resolved        nsp: '*',
39 silly resolved        proxyquire: '^1.0.1',
39 silly resolved        sinon: '^1.12.1' },
39 silly resolved     engineStrict: true,
39 silly resolved     preferGlobal: true,
39 silly resolved     gitHead: '9a3b9570ef8f028626038483a6717e3ad22f1d3f',
39 silly resolved     bugs: { url: 'https://github.com/yeoman/yo/issues' },
39 silly resolved     homepage: 'https://github.com/yeoman/yo',
39 silly resolved     _id: 'yo@1.4.2',
39 silly resolved     _shasum: '8162f7b0513a0094de38f05b71ad2cef0d68b5c2',
39 silly resolved     _from: 'yo@1.4.2',
39 silly resolved     _npmVersion: '2.1.16',
39 silly resolved     _nodeVersion: '0.10.32',
39 silly resolved     _npmUser: { name: 'sindresorhus', email: 'sindresorhus@gmail.com' },
39 silly resolved     maintainers: [ [Object], [Object], [Object], [Object], [Object], [Object] ],
39 silly resolved     dist:
39 silly resolved      { shasum: '8162f7b0513a0094de38f05b71ad2cef0d68b5c2',
39 silly resolved        tarball: 'http://registry.npmjs.org/yo/-/yo-1.4.2.tgz' },
39 silly resolved     directories: {},
39 silly resolved     _resolved: 'https://registry.npmjs.org/yo/-/yo-1.4.2.tgz' } ]
40 info install yo@1.4.2 into C:\Users\jjohns4\AppData\Roaming\npm
41 info installOne yo@1.4.2
42 error notsup Unsupported
42 error notsup Not compatible with your version of node/npm: yo@1.4.2
42 error notsup Required: {"node":">=0.10.0","npm":">=2.1.0"}
42 error notsup Actual:   {"npm":"1.4.28","node":"0.10.33"}
43 error System Windows_NT 6.2.9200
44 error command "c:\\Program Files\\nodejs\\node.exe" "c:\\Program Files\\nodejs\\node_modules\\npm\\bin\\npm-cli.js" "update" "-g" "yo"
45 error cwd e:\GitHub\gallery
46 error node -v v0.10.33
47 error npm -v 1.4.28
48 error code ENOTSUP
49 verbose exit [ 1, true ]
